<?xml version="1.0" encoding="UTF-8"?>
<testsuite xmlns:xsi="http://www.w3.org/2001/XMLSchema-instance" xsi:noNamespaceSchemaLocation="https://maven.apache.org/surefire/maven-surefire-plugin/xsd/surefire-test-report-3.0.xsd" version="3.0" name="TestSuite" time="6.778" tests="6" errors="0" skipped="5" failures="1">
  <properties>
    <property name="java.specification.version" value="17"/>
    <property name="sun.jnu.encoding" value="UTF-8"/>
    <property name="java.class.path" value="/Users/vivekparmar/Desktop/Docker_Selenium_Grid_Demo/target/test-classes:/Users/vivekparmar/Desktop/Docker_Selenium_Grid_Demo/target/classes:/Users/vivekparmar/.m2/repository/org/testng/testng/6.14.2/testng-6.14.2.jar:/Users/vivekparmar/.m2/repository/com/beust/jcommander/1.72/jcommander-1.72.jar:/Users/vivekparmar/.m2/repository/org/apache-extras/beanshell/bsh/2.0b6/bsh-2.0b6.jar:/Users/vivekparmar/.m2/repository/org/seleniumhq/selenium/selenium-java/4.0.0/selenium-java-4.0.0.jar:/Users/vivekparmar/.m2/repository/org/seleniumhq/selenium/selenium-api/4.0.0/selenium-api-4.0.0.jar:/Users/vivekparmar/.m2/repository/org/seleniumhq/selenium/selenium-chrome-driver/4.0.0/selenium-chrome-driver-4.0.0.jar:/Users/vivekparmar/.m2/repository/com/google/auto/service/auto-service-annotations/1.0/auto-service-annotations-1.0.jar:/Users/vivekparmar/.m2/repository/com/google/auto/service/auto-service/1.0/auto-service-1.0.jar:/Users/vivekparmar/.m2/repository/com/google/auto/auto-common/1.0/auto-common-1.0.jar:/Users/vivekparmar/.m2/repository/com/google/guava/guava/31.0.1-jre/guava-31.0.1-jre.jar:/Users/vivekparmar/.m2/repository/com/google/guava/failureaccess/1.0.1/failureaccess-1.0.1.jar:/Users/vivekparmar/.m2/repository/com/google/guava/listenablefuture/9999.0-empty-to-avoid-conflict-with-guava/listenablefuture-9999.0-empty-to-avoid-conflict-with-guava.jar:/Users/vivekparmar/.m2/repository/com/google/code/findbugs/jsr305/3.0.2/jsr305-3.0.2.jar:/Users/vivekparmar/.m2/repository/org/checkerframework/checker-qual/3.12.0/checker-qual-3.12.0.jar:/Users/vivekparmar/.m2/repository/com/google/errorprone/error_prone_annotations/2.7.1/error_prone_annotations-2.7.1.jar:/Users/vivekparmar/.m2/repository/com/google/j2objc/j2objc-annotations/1.3/j2objc-annotations-1.3.jar:/Users/vivekparmar/.m2/repository/org/seleniumhq/selenium/selenium-chromium-driver/4.0.0/selenium-chromium-driver-4.0.0.jar:/Users/vivekparmar/.m2/repository/org/seleniumhq/selenium/selenium-json/4.0.0/selenium-json-4.0.0.jar:/Users/vivekparmar/.m2/repository/org/seleniumhq/selenium/selenium-devtools-v85/4.0.0/selenium-devtools-v85-4.0.0.jar:/Users/vivekparmar/.m2/repository/org/seleniumhq/selenium/selenium-devtools-v93/4.0.0/selenium-devtools-v93-4.0.0.jar:/Users/vivekparmar/.m2/repository/org/seleniumhq/selenium/selenium-devtools-v94/4.0.0/selenium-devtools-v94-4.0.0.jar:/Users/vivekparmar/.m2/repository/org/seleniumhq/selenium/selenium-devtools-v95/4.0.0/selenium-devtools-v95-4.0.0.jar:/Users/vivekparmar/.m2/repository/org/seleniumhq/selenium/selenium-edge-driver/4.0.0/selenium-edge-driver-4.0.0.jar:/Users/vivekparmar/.m2/repository/org/seleniumhq/selenium/selenium-firefox-driver/4.0.0/selenium-firefox-driver-4.0.0.jar:/Users/vivekparmar/.m2/repository/org/seleniumhq/selenium/selenium-firefox-xpi-driver/4.0.0/selenium-firefox-xpi-driver-4.0.0.jar:/Users/vivekparmar/.m2/repository/org/seleniumhq/selenium/selenium-ie-driver/4.0.0/selenium-ie-driver-4.0.0.jar:/Users/vivekparmar/.m2/repository/org/seleniumhq/selenium/selenium-opera-driver/4.0.0/selenium-opera-driver-4.0.0.jar:/Users/vivekparmar/.m2/repository/org/seleniumhq/selenium/selenium-remote-driver/4.0.0/selenium-remote-driver-4.0.0.jar:/Users/vivekparmar/.m2/repository/io/netty/netty-buffer/4.1.68.Final/netty-buffer-4.1.68.Final.jar:/Users/vivekparmar/.m2/repository/io/netty/netty-codec-http/4.1.67.Final/netty-codec-http-4.1.67.Final.jar:/Users/vivekparmar/.m2/repository/io/netty/netty-codec/4.1.67.Final/netty-codec-4.1.67.Final.jar:/Users/vivekparmar/.m2/repository/io/netty/netty-handler/4.1.67.Final/netty-handler-4.1.67.Final.jar:/Users/vivekparmar/.m2/repository/io/netty/netty-common/4.1.68.Final/netty-common-4.1.68.Final.jar:/Users/vivekparmar/.m2/repository/io/netty/netty-transport-native-epoll/4.1.67.Final/netty-transport-native-epoll-4.1.67.Final.jar:/Users/vivekparmar/.m2/repository/io/netty/netty-transport-native-kqueue/4.1.67.Final/netty-transport-native-kqueue-4.1.67.Final.jar:/Users/vivekparmar/.m2/repository/io/netty/netty-transport-native-unix-common/4.1.67.Final/netty-transport-native-unix-common-4.1.67.Final.jar:/Users/vivekparmar/.m2/repository/io/netty/netty-transport/4.1.68.Final/netty-transport-4.1.68.Final.jar:/Users/vivekparmar/.m2/repository/io/netty/netty-resolver/4.1.68.Final/netty-resolver-4.1.68.Final.jar:/Users/vivekparmar/.m2/repository/io/opentelemetry/opentelemetry-api/1.6.0/opentelemetry-api-1.6.0.jar:/Users/vivekparmar/.m2/repository/io/opentelemetry/opentelemetry-context/1.6.0/opentelemetry-context-1.6.0.jar:/Users/vivekparmar/.m2/repository/io/opentelemetry/opentelemetry-exporter-logging/1.6.0/opentelemetry-exporter-logging-1.6.0.jar:/Users/vivekparmar/.m2/repository/io/opentelemetry/opentelemetry-sdk-metrics/1.6.0-alpha/opentelemetry-sdk-metrics-1.6.0-alpha.jar:/Users/vivekparmar/.m2/repository/io/opentelemetry/opentelemetry-sdk-common/1.6.0/opentelemetry-sdk-common-1.6.0.jar:/Users/vivekparmar/.m2/repository/io/opentelemetry/opentelemetry-sdk-extension-autoconfigure-spi/1.6.0/opentelemetry-sdk-extension-autoconfigure-spi-1.6.0.jar:/Users/vivekparmar/.m2/repository/io/opentelemetry/opentelemetry-sdk-extension-autoconfigure/1.6.0-alpha/opentelemetry-sdk-extension-autoconfigure-1.6.0-alpha.jar:/Users/vivekparmar/.m2/repository/io/opentelemetry/opentelemetry-sdk-trace/1.6.0/opentelemetry-sdk-trace-1.6.0.jar:/Users/vivekparmar/.m2/repository/io/opentelemetry/opentelemetry-api-metrics/1.6.0-alpha/opentelemetry-api-metrics-1.6.0-alpha.jar:/Users/vivekparmar/.m2/repository/io/opentelemetry/opentelemetry-sdk/1.6.0/opentelemetry-sdk-1.6.0.jar:/Users/vivekparmar/.m2/repository/io/opentelemetry/opentelemetry-semconv/1.6.0-alpha/opentelemetry-semconv-1.6.0-alpha.jar:/Users/vivekparmar/.m2/repository/io/ous/jtoml/2.0.0/jtoml-2.0.0.jar:/Users/vivekparmar/.m2/repository/net/bytebuddy/byte-buddy/1.11.19/byte-buddy-1.11.19.jar:/Users/vivekparmar/.m2/repository/org/apache/commons/commons-exec/1.3/commons-exec-1.3.jar:/Users/vivekparmar/.m2/repository/org/asynchttpclient/async-http-client/2.12.3/async-http-client-2.12.3.jar:/Users/vivekparmar/.m2/repository/org/asynchttpclient/async-http-client-netty-utils/2.12.3/async-http-client-netty-utils-2.12.3.jar:/Users/vivekparmar/.m2/repository/io/netty/netty-codec-socks/4.1.60.Final/netty-codec-socks-4.1.60.Final.jar:/Users/vivekparmar/.m2/repository/io/netty/netty-handler-proxy/4.1.60.Final/netty-handler-proxy-4.1.60.Final.jar:/Users/vivekparmar/.m2/repository/io/netty/netty-transport-native-epoll/4.1.60.Final/netty-transport-native-epoll-4.1.60.Final-linux-x86_64.jar:/Users/vivekparmar/.m2/repository/io/netty/netty-transport-native-kqueue/4.1.60.Final/netty-transport-native-kqueue-4.1.60.Final-osx-x86_64.jar:/Users/vivekparmar/.m2/repository/org/reactivestreams/reactive-streams/1.0.3/reactive-streams-1.0.3.jar:/Users/vivekparmar/.m2/repository/com/typesafe/netty/netty-reactive-streams/2.0.4/netty-reactive-streams-2.0.4.jar:/Users/vivekparmar/.m2/repository/com/sun/activation/jakarta.activation/1.2.2/jakarta.activation-1.2.2.jar:/Users/vivekparmar/.m2/repository/org/seleniumhq/selenium/selenium-http/4.0.0/selenium-http-4.0.0.jar:/Users/vivekparmar/.m2/repository/org/seleniumhq/selenium/selenium-safari-driver/4.0.0/selenium-safari-driver-4.0.0.jar:/Users/vivekparmar/.m2/repository/org/seleniumhq/selenium/selenium-support/4.0.0/selenium-support-4.0.0.jar:/Users/vivekparmar/.m2/repository/org/slf4j/slf4j-api/1.7.7/slf4j-api-1.7.7.jar:/Users/vivekparmar/.m2/repository/org/slf4j/slf4j-log4j12/1.7.7/slf4j-log4j12-1.7.7.jar:/Users/vivekparmar/.m2/repository/log4j/log4j/1.2.17/log4j-1.2.17.jar:/Users/vivekparmar/.m2/repository/org/apache/logging/log4j/log4j-core/2.5/log4j-core-2.5.jar:/Users/vivekparmar/.m2/repository/org/apache/logging/log4j/log4j-api/2.5/log4j-api-2.5.jar:/Users/vivekparmar/.m2/repository/io/github/bonigarcia/webdrivermanager/3.6.0/webdrivermanager-3.6.0.jar:/Users/vivekparmar/.m2/repository/commons-io/commons-io/2.6/commons-io-2.6.jar:/Users/vivekparmar/.m2/repository/com/google/code/gson/gson/2.8.5/gson-2.8.5.jar:/Users/vivekparmar/.m2/repository/org/apache/commons/commons-lang3/3.8.1/commons-lang3-3.8.1.jar:/Users/vivekparmar/.m2/repository/org/apache/httpcomponents/httpclient/4.5.6/httpclient-4.5.6.jar:/Users/vivekparmar/.m2/repository/org/apache/httpcomponents/httpcore/4.4.10/httpcore-4.4.10.jar:/Users/vivekparmar/.m2/repository/commons-logging/commons-logging/1.2/commons-logging-1.2.jar:/Users/vivekparmar/.m2/repository/commons-codec/commons-codec/1.10/commons-codec-1.10.jar:/Users/vivekparmar/.m2/repository/org/rauschig/jarchivelib/1.0.0/jarchivelib-1.0.0.jar:/Users/vivekparmar/.m2/repository/org/apache/commons/commons-compress/1.18/commons-compress-1.18.jar:/Users/vivekparmar/.m2/repository/org/jsoup/jsoup/1.11.3/jsoup-1.11.3.jar:/Users/vivekparmar/.m2/repository/com/aventstack/extentreports/3.1.5/extentreports-3.1.5.jar:/Users/vivekparmar/.m2/repository/org/freemarker/freemarker/2.3.23/freemarker-2.3.23.jar:/Users/vivekparmar/.m2/repository/org/mongodb/mongodb-driver/3.3.0/mongodb-driver-3.3.0.jar:/Users/vivekparmar/.m2/repository/org/mongodb/bson/3.3.0/bson-3.3.0.jar:/Users/vivekparmar/.m2/repository/org/mongodb/mongodb-driver-core/3.3.0/mongodb-driver-core-3.3.0.jar:/Users/vivekparmar/.m2/repository/org/apache/httpcomponents/httpmime/4.5.2/httpmime-4.5.2.jar:"/>
    <property name="java.vm.vendor" value="Eclipse Adoptium"/>
    <property name="sun.arch.data.model" value="64"/>
    <property name="java.vendor.url" value="https://adoptium.net/"/>
    <property name="os.name" value="Mac OS X"/>
    <property name="java.vm.specification.version" value="17"/>
    <property name="sun.java.launcher" value="SUN_STANDARD"/>
    <property name="user.country" value="CA"/>
    <property name="sun.boot.library.path" value="/Users/vivekparmar/.p2/pool/plugins/org.eclipse.justj.openjdk.hotspot.jre.full.macosx.x86_64_17.0.9.v20231028-0858/jre/lib"/>
    <property name="sun.java.command" value="/Users/vivekparmar/Desktop/Docker_Selenium_Grid_Demo/target/surefire/surefirebooter11684482400502718310.jar /Users/vivekparmar/Desktop/Docker_Selenium_Grid_Demo/target/surefire 2023-12-20T19-47-34_519-jvmRun1 surefire15650655733205747087tmp surefire_01684513299154593819tmp"/>
    <property name="http.nonProxyHosts" value="local|*.local|169.254/16|*.169.254/16"/>
    <property name="jdk.debug" value="release"/>
    <property name="surefire.test.class.path" value="/Users/vivekparmar/Desktop/Docker_Selenium_Grid_Demo/target/test-classes:/Users/vivekparmar/Desktop/Docker_Selenium_Grid_Demo/target/classes:/Users/vivekparmar/.m2/repository/org/testng/testng/6.14.2/testng-6.14.2.jar:/Users/vivekparmar/.m2/repository/com/beust/jcommander/1.72/jcommander-1.72.jar:/Users/vivekparmar/.m2/repository/org/apache-extras/beanshell/bsh/2.0b6/bsh-2.0b6.jar:/Users/vivekparmar/.m2/repository/org/seleniumhq/selenium/selenium-java/4.0.0/selenium-java-4.0.0.jar:/Users/vivekparmar/.m2/repository/org/seleniumhq/selenium/selenium-api/4.0.0/selenium-api-4.0.0.jar:/Users/vivekparmar/.m2/repository/org/seleniumhq/selenium/selenium-chrome-driver/4.0.0/selenium-chrome-driver-4.0.0.jar:/Users/vivekparmar/.m2/repository/com/google/auto/service/auto-service-annotations/1.0/auto-service-annotations-1.0.jar:/Users/vivekparmar/.m2/repository/com/google/auto/service/auto-service/1.0/auto-service-1.0.jar:/Users/vivekparmar/.m2/repository/com/google/auto/auto-common/1.0/auto-common-1.0.jar:/Users/vivekparmar/.m2/repository/com/google/guava/guava/31.0.1-jre/guava-31.0.1-jre.jar:/Users/vivekparmar/.m2/repository/com/google/guava/failureaccess/1.0.1/failureaccess-1.0.1.jar:/Users/vivekparmar/.m2/repository/com/google/guava/listenablefuture/9999.0-empty-to-avoid-conflict-with-guava/listenablefuture-9999.0-empty-to-avoid-conflict-with-guava.jar:/Users/vivekparmar/.m2/repository/com/google/code/findbugs/jsr305/3.0.2/jsr305-3.0.2.jar:/Users/vivekparmar/.m2/repository/org/checkerframework/checker-qual/3.12.0/checker-qual-3.12.0.jar:/Users/vivekparmar/.m2/repository/com/google/errorprone/error_prone_annotations/2.7.1/error_prone_annotations-2.7.1.jar:/Users/vivekparmar/.m2/repository/com/google/j2objc/j2objc-annotations/1.3/j2objc-annotations-1.3.jar:/Users/vivekparmar/.m2/repository/org/seleniumhq/selenium/selenium-chromium-driver/4.0.0/selenium-chromium-driver-4.0.0.jar:/Users/vivekparmar/.m2/repository/org/seleniumhq/selenium/selenium-json/4.0.0/selenium-json-4.0.0.jar:/Users/vivekparmar/.m2/repository/org/seleniumhq/selenium/selenium-devtools-v85/4.0.0/selenium-devtools-v85-4.0.0.jar:/Users/vivekparmar/.m2/repository/org/seleniumhq/selenium/selenium-devtools-v93/4.0.0/selenium-devtools-v93-4.0.0.jar:/Users/vivekparmar/.m2/repository/org/seleniumhq/selenium/selenium-devtools-v94/4.0.0/selenium-devtools-v94-4.0.0.jar:/Users/vivekparmar/.m2/repository/org/seleniumhq/selenium/selenium-devtools-v95/4.0.0/selenium-devtools-v95-4.0.0.jar:/Users/vivekparmar/.m2/repository/org/seleniumhq/selenium/selenium-edge-driver/4.0.0/selenium-edge-driver-4.0.0.jar:/Users/vivekparmar/.m2/repository/org/seleniumhq/selenium/selenium-firefox-driver/4.0.0/selenium-firefox-driver-4.0.0.jar:/Users/vivekparmar/.m2/repository/org/seleniumhq/selenium/selenium-firefox-xpi-driver/4.0.0/selenium-firefox-xpi-driver-4.0.0.jar:/Users/vivekparmar/.m2/repository/org/seleniumhq/selenium/selenium-ie-driver/4.0.0/selenium-ie-driver-4.0.0.jar:/Users/vivekparmar/.m2/repository/org/seleniumhq/selenium/selenium-opera-driver/4.0.0/selenium-opera-driver-4.0.0.jar:/Users/vivekparmar/.m2/repository/org/seleniumhq/selenium/selenium-remote-driver/4.0.0/selenium-remote-driver-4.0.0.jar:/Users/vivekparmar/.m2/repository/io/netty/netty-buffer/4.1.68.Final/netty-buffer-4.1.68.Final.jar:/Users/vivekparmar/.m2/repository/io/netty/netty-codec-http/4.1.67.Final/netty-codec-http-4.1.67.Final.jar:/Users/vivekparmar/.m2/repository/io/netty/netty-codec/4.1.67.Final/netty-codec-4.1.67.Final.jar:/Users/vivekparmar/.m2/repository/io/netty/netty-handler/4.1.67.Final/netty-handler-4.1.67.Final.jar:/Users/vivekparmar/.m2/repository/io/netty/netty-common/4.1.68.Final/netty-common-4.1.68.Final.jar:/Users/vivekparmar/.m2/repository/io/netty/netty-transport-native-epoll/4.1.67.Final/netty-transport-native-epoll-4.1.67.Final.jar:/Users/vivekparmar/.m2/repository/io/netty/netty-transport-native-kqueue/4.1.67.Final/netty-transport-native-kqueue-4.1.67.Final.jar:/Users/vivekparmar/.m2/repository/io/netty/netty-transport-native-unix-common/4.1.67.Final/netty-transport-native-unix-common-4.1.67.Final.jar:/Users/vivekparmar/.m2/repository/io/netty/netty-transport/4.1.68.Final/netty-transport-4.1.68.Final.jar:/Users/vivekparmar/.m2/repository/io/netty/netty-resolver/4.1.68.Final/netty-resolver-4.1.68.Final.jar:/Users/vivekparmar/.m2/repository/io/opentelemetry/opentelemetry-api/1.6.0/opentelemetry-api-1.6.0.jar:/Users/vivekparmar/.m2/repository/io/opentelemetry/opentelemetry-context/1.6.0/opentelemetry-context-1.6.0.jar:/Users/vivekparmar/.m2/repository/io/opentelemetry/opentelemetry-exporter-logging/1.6.0/opentelemetry-exporter-logging-1.6.0.jar:/Users/vivekparmar/.m2/repository/io/opentelemetry/opentelemetry-sdk-metrics/1.6.0-alpha/opentelemetry-sdk-metrics-1.6.0-alpha.jar:/Users/vivekparmar/.m2/repository/io/opentelemetry/opentelemetry-sdk-common/1.6.0/opentelemetry-sdk-common-1.6.0.jar:/Users/vivekparmar/.m2/repository/io/opentelemetry/opentelemetry-sdk-extension-autoconfigure-spi/1.6.0/opentelemetry-sdk-extension-autoconfigure-spi-1.6.0.jar:/Users/vivekparmar/.m2/repository/io/opentelemetry/opentelemetry-sdk-extension-autoconfigure/1.6.0-alpha/opentelemetry-sdk-extension-autoconfigure-1.6.0-alpha.jar:/Users/vivekparmar/.m2/repository/io/opentelemetry/opentelemetry-sdk-trace/1.6.0/opentelemetry-sdk-trace-1.6.0.jar:/Users/vivekparmar/.m2/repository/io/opentelemetry/opentelemetry-api-metrics/1.6.0-alpha/opentelemetry-api-metrics-1.6.0-alpha.jar:/Users/vivekparmar/.m2/repository/io/opentelemetry/opentelemetry-sdk/1.6.0/opentelemetry-sdk-1.6.0.jar:/Users/vivekparmar/.m2/repository/io/opentelemetry/opentelemetry-semconv/1.6.0-alpha/opentelemetry-semconv-1.6.0-alpha.jar:/Users/vivekparmar/.m2/repository/io/ous/jtoml/2.0.0/jtoml-2.0.0.jar:/Users/vivekparmar/.m2/repository/net/bytebuddy/byte-buddy/1.11.19/byte-buddy-1.11.19.jar:/Users/vivekparmar/.m2/repository/org/apache/commons/commons-exec/1.3/commons-exec-1.3.jar:/Users/vivekparmar/.m2/repository/org/asynchttpclient/async-http-client/2.12.3/async-http-client-2.12.3.jar:/Users/vivekparmar/.m2/repository/org/asynchttpclient/async-http-client-netty-utils/2.12.3/async-http-client-netty-utils-2.12.3.jar:/Users/vivekparmar/.m2/repository/io/netty/netty-codec-socks/4.1.60.Final/netty-codec-socks-4.1.60.Final.jar:/Users/vivekparmar/.m2/repository/io/netty/netty-handler-proxy/4.1.60.Final/netty-handler-proxy-4.1.60.Final.jar:/Users/vivekparmar/.m2/repository/io/netty/netty-transport-native-epoll/4.1.60.Final/netty-transport-native-epoll-4.1.60.Final-linux-x86_64.jar:/Users/vivekparmar/.m2/repository/io/netty/netty-transport-native-kqueue/4.1.60.Final/netty-transport-native-kqueue-4.1.60.Final-osx-x86_64.jar:/Users/vivekparmar/.m2/repository/org/reactivestreams/reactive-streams/1.0.3/reactive-streams-1.0.3.jar:/Users/vivekparmar/.m2/repository/com/typesafe/netty/netty-reactive-streams/2.0.4/netty-reactive-streams-2.0.4.jar:/Users/vivekparmar/.m2/repository/com/sun/activation/jakarta.activation/1.2.2/jakarta.activation-1.2.2.jar:/Users/vivekparmar/.m2/repository/org/seleniumhq/selenium/selenium-http/4.0.0/selenium-http-4.0.0.jar:/Users/vivekparmar/.m2/repository/org/seleniumhq/selenium/selenium-safari-driver/4.0.0/selenium-safari-driver-4.0.0.jar:/Users/vivekparmar/.m2/repository/org/seleniumhq/selenium/selenium-support/4.0.0/selenium-support-4.0.0.jar:/Users/vivekparmar/.m2/repository/org/slf4j/slf4j-api/1.7.7/slf4j-api-1.7.7.jar:/Users/vivekparmar/.m2/repository/org/slf4j/slf4j-log4j12/1.7.7/slf4j-log4j12-1.7.7.jar:/Users/vivekparmar/.m2/repository/log4j/log4j/1.2.17/log4j-1.2.17.jar:/Users/vivekparmar/.m2/repository/org/apache/logging/log4j/log4j-core/2.5/log4j-core-2.5.jar:/Users/vivekparmar/.m2/repository/org/apache/logging/log4j/log4j-api/2.5/log4j-api-2.5.jar:/Users/vivekparmar/.m2/repository/io/github/bonigarcia/webdrivermanager/3.6.0/webdrivermanager-3.6.0.jar:/Users/vivekparmar/.m2/repository/commons-io/commons-io/2.6/commons-io-2.6.jar:/Users/vivekparmar/.m2/repository/com/google/code/gson/gson/2.8.5/gson-2.8.5.jar:/Users/vivekparmar/.m2/repository/org/apache/commons/commons-lang3/3.8.1/commons-lang3-3.8.1.jar:/Users/vivekparmar/.m2/repository/org/apache/httpcomponents/httpclient/4.5.6/httpclient-4.5.6.jar:/Users/vivekparmar/.m2/repository/org/apache/httpcomponents/httpcore/4.4.10/httpcore-4.4.10.jar:/Users/vivekparmar/.m2/repository/commons-logging/commons-logging/1.2/commons-logging-1.2.jar:/Users/vivekparmar/.m2/repository/commons-codec/commons-codec/1.10/commons-codec-1.10.jar:/Users/vivekparmar/.m2/repository/org/rauschig/jarchivelib/1.0.0/jarchivelib-1.0.0.jar:/Users/vivekparmar/.m2/repository/org/apache/commons/commons-compress/1.18/commons-compress-1.18.jar:/Users/vivekparmar/.m2/repository/org/jsoup/jsoup/1.11.3/jsoup-1.11.3.jar:/Users/vivekparmar/.m2/repository/com/aventstack/extentreports/3.1.5/extentreports-3.1.5.jar:/Users/vivekparmar/.m2/repository/org/freemarker/freemarker/2.3.23/freemarker-2.3.23.jar:/Users/vivekparmar/.m2/repository/org/mongodb/mongodb-driver/3.3.0/mongodb-driver-3.3.0.jar:/Users/vivekparmar/.m2/repository/org/mongodb/bson/3.3.0/bson-3.3.0.jar:/Users/vivekparmar/.m2/repository/org/mongodb/mongodb-driver-core/3.3.0/mongodb-driver-core-3.3.0.jar:/Users/vivekparmar/.m2/repository/org/apache/httpcomponents/httpmime/4.5.2/httpmime-4.5.2.jar:"/>
    <property name="sun.cpu.endian" value="little"/>
    <property name="user.home" value="/Users/vivekparmar"/>
    <property name="user.language" value="en"/>
    <property name="java.specification.vendor" value="Oracle Corporation"/>
    <property name="env.browser.name" value="chrome"/>
    <property name="java.version.date" value="2023-10-17"/>
    <property name="java.home" value="/Users/vivekparmar/.p2/pool/plugins/org.eclipse.justj.openjdk.hotspot.jre.full.macosx.x86_64_17.0.9.v20231028-0858/jre"/>
    <property name="env.remote.url" value="https://www.google.com/"/>
    <property name="file.separator" value="/"/>
    <property name="style.color" value="always"/>
    <property name="basedir" value="/Users/vivekparmar/Desktop/Docker_Selenium_Grid_Demo"/>
    <property name="java.vm.compressedOopsMode" value="Zero based"/>
    <property name="line.separator" value="&#10;"/>
    <property name="java.vm.specification.vendor" value="Oracle Corporation"/>
    <property name="java.specification.name" value="Java Platform API Specification"/>
    <property name="app.env" value="local"/>
    <property name="surefire.real.class.path" value="/Users/vivekparmar/Desktop/Docker_Selenium_Grid_Demo/target/surefire/surefirebooter11684482400502718310.jar"/>
    <property name="sun.management.compiler" value="HotSpot 64-Bit Tiered Compilers"/>
    <property name="app.runOnDocker" value="true"/>
    <property name="ftp.nonProxyHosts" value="local|*.local|169.254/16|*.169.254/16"/>
    <property name="java.runtime.version" value="17.0.9+9"/>
    <property name="user.name" value="vivekparmar"/>
    <property name="path.separator" value=":"/>
    <property name="os.version" value="14.0"/>
    <property name="java.runtime.name" value="OpenJDK Runtime Environment"/>
    <property name="file.encoding" value="UTF-8"/>
    <property name="java.vm.name" value="OpenJDK 64-Bit Server VM"/>
    <property name="java.vendor.version" value="Temurin-17.0.9+9"/>
    <property name="localRepository" value="/Users/vivekparmar/.m2/repository"/>
    <property name="java.vendor.url.bug" value="https://github.com/adoptium/adoptium-support/issues"/>
    <property name="java.io.tmpdir" value="/var/folders/rk/8zzrf5_54112dy5my1tbp2rc0000gn/T/"/>
    <property name="java.version" value="17.0.9"/>
    <property name="user.dir" value="/Users/vivekparmar/Desktop/Docker_Selenium_Grid_Demo"/>
    <property name="os.arch" value="x86_64"/>
    <property name="java.vm.specification.name" value="Java Virtual Machine Specification"/>
    <property name="native.encoding" value="UTF-8"/>
    <property name="java.library.path" value="/Users/vivekparmar/Library/Java/Extensions:/Library/Java/Extensions:/Network/Library/Java/Extensions:/System/Library/Java/Extensions:/usr/lib/java:."/>
    <property name="java.vm.info" value="mixed mode"/>
    <property name="java.vendor" value="Eclipse Adoptium"/>
    <property name="java.vm.version" value="17.0.9+9"/>
    <property name="sun.io.unicode.encoding" value="UnicodeBig"/>
    <property name="socksNonProxyHosts" value="local|*.local|169.254/16|*.169.254/16"/>
    <property name="java.class.version" value="61.0"/>
  </properties>
  <testcase name="beforeTest" classname="com.qaweapon.Test.GoogleSearchTest" time="6.652">
    <failure message="Could not start a new session. Possible causes are invalid address of the remote server or browser start-up failure.&#10;Build info: version: &apos;4.0.0&apos;, revision: &apos;3a21814679&apos;&#10;System info: host: &apos;Viveks-MacBook-Air.local&apos;, ip: &apos;2604:3d09:2580:4b00:84d6:6612:b828:8906%en0&apos;, os.name: &apos;Mac OS X&apos;, os.arch: &apos;x86_64&apos;, os.version: &apos;14.0&apos;, java.version: &apos;17.0.9&apos;&#10;Driver info: org.openqa.selenium.remote.RemoteWebDriver&#10;Command: [null, newSession {capabilities=[Capabilities {browserName: chrome, goog:chromeOptions: {args: [disable-infobars, --disable-extensions, --disable-popup-blocking, --disable-notifications, enable-automation, --no-sandbox, --start-maximized], extensions: [], prefs: {download.default_directory: /home/seluser/Downloads, download.directory_upgrade: true, download.extensions_to_open: applications/pdf, download.prompt_for_download: false, download_restrictions: 0, open_pdf_in_system_reader: false, plugins.always_open_pdf_externally: true, plugins.plugins_list: [Chrome PDF Viewer], profile.default_content_settings.popups: 0}}}], desiredCapabilities=Capabilities {browserName: chrome, goog:chromeOptions: {args: [disable-infobars, --disable-extensions, --disable-popup-blocking, --disable-notifications, enable-automation, --no-sandbox, --start-maximized], extensions: [], prefs: {download.default_directory: /home/seluser/Downloads, download.directory_upgrade: true, download.extensions_to_open: applications/pdf, download.prompt_for_download: false, download_restrictions: 0, open_pdf_in_system_reader: false, plugins.always_open_pdf_externally: true, plugins.plugins_list: [Chrome PDF Viewer], profile.default_content_settings.popups: 0}}}}]&#10;Capabilities {}" type="org.openqa.selenium.SessionNotCreatedException">org.openqa.selenium.SessionNotCreatedException: 
Could not start a new session. Possible causes are invalid address of the remote server or browser start-up failure.
Build info: version: '4.0.0', revision: '3a21814679'
System info: host: 'Viveks-MacBook-Air.local', ip: '2604:3d09:2580:4b00:84d6:6612:b828:8906%en0', os.name: 'Mac OS X', os.arch: 'x86_64', os.version: '14.0', java.version: '17.0.9'
Driver info: org.openqa.selenium.remote.RemoteWebDriver
Command: [null, newSession {capabilities=[Capabilities {browserName: chrome, goog:chromeOptions: {args: [disable-infobars, --disable-extensions, --disable-popup-blocking, --disable-notifications, enable-automation, --no-sandbox, --start-maximized], extensions: [], prefs: {download.default_directory: /home/seluser/Downloads, download.directory_upgrade: true, download.extensions_to_open: applications/pdf, download.prompt_for_download: false, download_restrictions: 0, open_pdf_in_system_reader: false, plugins.always_open_pdf_externally: true, plugins.plugins_list: [Chrome PDF Viewer], profile.default_content_settings.popups: 0}}}], desiredCapabilities=Capabilities {browserName: chrome, goog:chromeOptions: {args: [disable-infobars, --disable-extensions, --disable-popup-blocking, --disable-notifications, enable-automation, --no-sandbox, --start-maximized], extensions: [], prefs: {download.default_directory: /home/seluser/Downloads, download.directory_upgrade: true, download.extensions_to_open: applications/pdf, download.prompt_for_download: false, download_restrictions: 0, open_pdf_in_system_reader: false, plugins.always_open_pdf_externally: true, plugins.plugins_list: [Chrome PDF Viewer], profile.default_content_settings.popups: 0}}}}]
Capabilities {}
Caused by: java.io.UncheckedIOException: java.net.ConnectException: Connection refused: localhost/[0:0:0:0:0:0:0:1]:4444
Caused by: java.net.ConnectException: Connection refused: localhost/[0:0:0:0:0:0:0:1]:4444
Caused by: io.netty.channel.AbstractChannel$AnnotatedConnectException: Connection refused: localhost/[0:0:0:0:0:0:0:1]:4444
Caused by: java.net.ConnectException: Connection refused
</failure>
    <system-out><![CDATA[[TestNGContentHandler] [WARN] It is strongly recommended to add "<!DOCTYPE suite SYSTEM "http://testng.org/testng-1.0.dtd" >" at the top of your file, otherwise TestNG may fail or not work as expected.
Initializing Chrome Browser in Docker Container.
0 [TestNG-tests-1] DEBUG io.netty.util.internal.logging.InternalLoggerFactory  - Using SLF4J as the default logging framework
2 [TestNG-tests-1] DEBUG io.netty.util.ResourceLeakDetector  - -Dio.netty.leakDetection.level: simple
2 [TestNG-tests-1] DEBUG io.netty.util.ResourceLeakDetector  - -Dio.netty.leakDetection.targetRecords: 4
6 [TestNG-tests-1] DEBUG io.netty.util.ResourceLeakDetectorFactory  - Loaded default ResourceLeakDetector: io.netty.util.ResourceLeakDetector@10d78237
17 [TestNG-tests-1] DEBUG io.netty.util.internal.PlatformDependent0  - -Dio.netty.noUnsafe: false
17 [TestNG-tests-1] DEBUG io.netty.util.internal.PlatformDependent0  - Java version: 17
18 [TestNG-tests-1] DEBUG io.netty.util.internal.PlatformDependent0  - sun.misc.Unsafe.theUnsafe: available
19 [TestNG-tests-1] DEBUG io.netty.util.internal.PlatformDependent0  - sun.misc.Unsafe.copyMemory: available
20 [TestNG-tests-1] DEBUG io.netty.util.internal.PlatformDependent0  - java.nio.Buffer.address: available
20 [TestNG-tests-1] DEBUG io.netty.util.internal.PlatformDependent0  - direct buffer constructor: unavailable: Reflective setAccessible(true) disabled
21 [TestNG-tests-1] DEBUG io.netty.util.internal.PlatformDependent0  - java.nio.Bits.unaligned: available, true
22 [TestNG-tests-1] DEBUG io.netty.util.internal.PlatformDependent0  - jdk.internal.misc.Unsafe.allocateUninitializedArray(int): unavailable: class io.netty.util.internal.PlatformDependent0$6 cannot access class jdk.internal.misc.Unsafe (in module java.base) because module java.base does not export jdk.internal.misc to unnamed module @1f81aa00
23 [TestNG-tests-1] DEBUG io.netty.util.internal.PlatformDependent0  - java.nio.DirectByteBuffer.<init>(long, int): unavailable
23 [TestNG-tests-1] DEBUG io.netty.util.internal.PlatformDependent  - sun.misc.Unsafe: available
24 [TestNG-tests-1] DEBUG io.netty.util.internal.PlatformDependent  - maxDirectMemory: 4294967296 bytes (maybe)
24 [TestNG-tests-1] DEBUG io.netty.util.internal.PlatformDependent  - -Dio.netty.tmpdir: /var/folders/rk/8zzrf5_54112dy5my1tbp2rc0000gn/T (java.io.tmpdir)
24 [TestNG-tests-1] DEBUG io.netty.util.internal.PlatformDependent  - -Dio.netty.bitMode: 64 (sun.arch.data.model)
25 [TestNG-tests-1] DEBUG io.netty.util.internal.PlatformDependent  - Platform: MacOS
25 [TestNG-tests-1] DEBUG io.netty.util.internal.PlatformDependent  - -Dio.netty.maxDirectMemory: -1 bytes
25 [TestNG-tests-1] DEBUG io.netty.util.internal.PlatformDependent  - -Dio.netty.uninitializedArrayAllocationThreshold: -1
26 [TestNG-tests-1] DEBUG io.netty.util.internal.CleanerJava9  - java.nio.ByteBuffer.cleaner(): available
26 [TestNG-tests-1] DEBUG io.netty.util.internal.PlatformDependent  - -Dio.netty.noPreferDirect: false
31 [TestNG-tests-1] DEBUG io.netty.util.internal.PlatformDependent  - org.jctools-core.MpscChunkedArrayQueue: available
47 [TestNG-tests-1] DEBUG io.netty.util.internal.InternalThreadLocalMap  - -Dio.netty.threadLocalMap.stringBuilder.initialSize: 1024
47 [TestNG-tests-1] DEBUG io.netty.util.internal.InternalThreadLocalMap  - -Dio.netty.threadLocalMap.stringBuilder.maxSize: 4096
70 [TestNG-tests-1] DEBUG io.netty.handler.ssl.JdkSslContext  - Default protocols (JDK): [TLSv1.3, TLSv1.2] 
70 [TestNG-tests-1] DEBUG io.netty.handler.ssl.JdkSslContext  - Default cipher suites (JDK): [TLS_ECDHE_ECDSA_WITH_AES_256_GCM_SHA384, TLS_ECDHE_ECDSA_WITH_AES_128_GCM_SHA256, TLS_ECDHE_RSA_WITH_AES_128_GCM_SHA256, TLS_ECDHE_RSA_WITH_AES_256_GCM_SHA384, TLS_ECDHE_RSA_WITH_AES_128_CBC_SHA, TLS_ECDHE_RSA_WITH_AES_256_CBC_SHA, TLS_RSA_WITH_AES_128_GCM_SHA256, TLS_RSA_WITH_AES_128_CBC_SHA, TLS_RSA_WITH_AES_256_CBC_SHA, TLS_AES_128_GCM_SHA256, TLS_AES_256_GCM_SHA384]
84 [TestNG-tests-1] DEBUG io.netty.channel.MultithreadEventLoopGroup  - -Dio.netty.eventLoopThreads: 16
102 [TestNG-tests-1] DEBUG io.netty.channel.nio.NioEventLoop  - -Dio.netty.noKeySetOptimization: false
102 [TestNG-tests-1] DEBUG io.netty.channel.nio.NioEventLoop  - -Dio.netty.selectorAutoRebuildThreshold: 512
117 [TestNG-tests-1] DEBUG io.netty.buffer.PooledByteBufAllocator  - -Dio.netty.allocator.numHeapArenas: 16
117 [TestNG-tests-1] DEBUG io.netty.buffer.PooledByteBufAllocator  - -Dio.netty.allocator.numDirectArenas: 16
117 [TestNG-tests-1] DEBUG io.netty.buffer.PooledByteBufAllocator  - -Dio.netty.allocator.pageSize: 8192
117 [TestNG-tests-1] DEBUG io.netty.buffer.PooledByteBufAllocator  - -Dio.netty.allocator.maxOrder: 11
117 [TestNG-tests-1] DEBUG io.netty.buffer.PooledByteBufAllocator  - -Dio.netty.allocator.chunkSize: 16777216
117 [TestNG-tests-1] DEBUG io.netty.buffer.PooledByteBufAllocator  - -Dio.netty.allocator.smallCacheSize: 256
117 [TestNG-tests-1] DEBUG io.netty.buffer.PooledByteBufAllocator  - -Dio.netty.allocator.normalCacheSize: 64
117 [TestNG-tests-1] DEBUG io.netty.buffer.PooledByteBufAllocator  - -Dio.netty.allocator.maxCachedBufferCapacity: 32768
117 [TestNG-tests-1] DEBUG io.netty.buffer.PooledByteBufAllocator  - -Dio.netty.allocator.cacheTrimInterval: 8192
117 [TestNG-tests-1] DEBUG io.netty.buffer.PooledByteBufAllocator  - -Dio.netty.allocator.cacheTrimIntervalMillis: 0
117 [TestNG-tests-1] DEBUG io.netty.buffer.PooledByteBufAllocator  - -Dio.netty.allocator.useCacheForAllThreads: true
117 [TestNG-tests-1] DEBUG io.netty.buffer.PooledByteBufAllocator  - -Dio.netty.allocator.maxCachedByteBuffersPerChunk: 1023
123 [TestNG-tests-1] DEBUG io.netty.buffer.ByteBufUtil  - -Dio.netty.allocator.type: pooled
123 [TestNG-tests-1] DEBUG io.netty.buffer.ByteBufUtil  - -Dio.netty.threadLocalDirectBufferSize: 0
123 [TestNG-tests-1] DEBUG io.netty.buffer.ByteBufUtil  - -Dio.netty.maxThreadLocalCharBufferSize: 16384
5368 [Forwarding newSession on session null to remote] DEBUG io.netty.channel.DefaultChannelId  - -Dio.netty.processId: 20254 (auto-detected)
5373 [Forwarding newSession on session null to remote] DEBUG io.netty.util.NetUtil  - -Djava.net.preferIPv4Stack: false
5373 [Forwarding newSession on session null to remote] DEBUG io.netty.util.NetUtil  - -Djava.net.preferIPv6Addresses: false
5384 [Forwarding newSession on session null to remote] DEBUG io.netty.util.NetUtilInitializations  - Loopback interface: lo0 (lo0, 0:0:0:0:0:0:0:1%lo0)
5386 [Forwarding newSession on session null to remote] DEBUG io.netty.util.NetUtil  - Failed to get SOMAXCONN from sysctl and file /proc/sys/net/core/somaxconn. Default: 128
5388 [Forwarding newSession on session null to remote] DEBUG io.netty.channel.DefaultChannelId  - -Dio.netty.machineId: 74:a6:cd:ff:fe:cf:b2:ca (auto-detected)
5429 [AsyncHttpClient-1-2] DEBUG io.netty.buffer.AbstractByteBuf  - -Dio.netty.buffer.checkAccessible: true
5429 [AsyncHttpClient-1-2] DEBUG io.netty.buffer.AbstractByteBuf  - -Dio.netty.buffer.checkBounds: true
5429 [AsyncHttpClient-1-2] DEBUG io.netty.util.ResourceLeakDetectorFactory  - Loaded default ResourceLeakDetector: io.netty.util.ResourceLeakDetector@3ca6ca33
5442 [AsyncHttpClient-1-3] DEBUG org.asynchttpclient.netty.channel.NettyConnectListener  - Trying to recover from failing to connect channel [id: 0x5b1239ce, L:null ! R:localhost/[0:0:0:0:0:0:0:1]:4444] with a retry value of true 
5443 [AsyncHttpClient-1-3] DEBUG org.asynchttpclient.netty.channel.NettyConnectListener  - Failed to recover from connect exception: io.netty.channel.AbstractChannel$AnnotatedConnectException: Connection refused: localhost/[0:0:0:0:0:0:0:1]:4444 with channel [id: 0x5b1239ce, L:null ! R:localhost/[0:0:0:0:0:0:0:1]:4444]
5443 [AsyncHttpClient-1-3] DEBUG org.asynchttpclient.AsyncCompletionHandler  - Connection refused: localhost/[0:0:0:0:0:0:0:1]:4444
java.net.ConnectException: Connection refused: localhost/[0:0:0:0:0:0:0:1]:4444
	at org.asynchttpclient.netty.channel.NettyConnectListener.onFailure(NettyConnectListener.java:179)
	at org.asynchttpclient.netty.channel.NettyChannelConnector$1.onFailure(NettyChannelConnector.java:108)
	at org.asynchttpclient.netty.SimpleChannelFutureListener.operationComplete(SimpleChannelFutureListener.java:28)
	at org.asynchttpclient.netty.SimpleChannelFutureListener.operationComplete(SimpleChannelFutureListener.java:20)
	at io.netty.util.concurrent.DefaultPromise.notifyListener0(DefaultPromise.java:578)
	at io.netty.util.concurrent.DefaultPromise.notifyListeners0(DefaultPromise.java:571)
	at io.netty.util.concurrent.DefaultPromise.notifyListenersNow(DefaultPromise.java:550)
	at io.netty.util.concurrent.DefaultPromise.notifyListeners(DefaultPromise.java:491)
	at io.netty.util.concurrent.DefaultPromise.setValue0(DefaultPromise.java:616)
	at io.netty.util.concurrent.DefaultPromise.setFailure0(DefaultPromise.java:609)
	at io.netty.util.concurrent.DefaultPromise.tryFailure(DefaultPromise.java:117)
	at io.netty.channel.nio.AbstractNioChannel$AbstractNioUnsafe.fulfillConnectPromise(AbstractNioChannel.java:321)
	at io.netty.channel.nio.AbstractNioChannel$AbstractNioUnsafe.finishConnect(AbstractNioChannel.java:337)
	at io.netty.channel.nio.NioEventLoop.processSelectedKey(NioEventLoop.java:707)
	at io.netty.channel.nio.NioEventLoop.processSelectedKeysOptimized(NioEventLoop.java:655)
	at io.netty.channel.nio.NioEventLoop.processSelectedKeys(NioEventLoop.java:581)
	at io.netty.channel.nio.NioEventLoop.run(NioEventLoop.java:493)
	at io.netty.util.concurrent.SingleThreadEventExecutor$4.run(SingleThreadEventExecutor.java:986)
	at io.netty.util.internal.ThreadExecutorMap$2.run(ThreadExecutorMap.java:74)
	at io.netty.util.concurrent.FastThreadLocalRunnable.run(FastThreadLocalRunnable.java:30)
	at java.base/java.lang.Thread.run(Thread.java:840)
Caused by: io.netty.channel.AbstractChannel$AnnotatedConnectException: Connection refused: localhost/[0:0:0:0:0:0:0:1]:4444
Caused by: java.net.ConnectException: Connection refused
	at java.base/sun.nio.ch.Net.pollConnect(Native Method)
	at java.base/sun.nio.ch.Net.pollConnectNow(Net.java:672)
	at java.base/sun.nio.ch.SocketChannelImpl.finishConnect(SocketChannelImpl.java:946)
	at io.netty.channel.socket.nio.NioSocketChannel.doFinishConnect(NioSocketChannel.java:330)
	at io.netty.channel.nio.AbstractNioChannel$AbstractNioUnsafe.finishConnect(AbstractNioChannel.java:334)
	at io.netty.channel.nio.NioEventLoop.processSelectedKey(NioEventLoop.java:707)
	at io.netty.channel.nio.NioEventLoop.processSelectedKeysOptimized(NioEventLoop.java:655)
	at io.netty.channel.nio.NioEventLoop.processSelectedKeys(NioEventLoop.java:581)
	at io.netty.channel.nio.NioEventLoop.run(NioEventLoop.java:493)
	at io.netty.util.concurrent.SingleThreadEventExecutor$4.run(SingleThreadEventExecutor.java:986)
	at io.netty.util.internal.ThreadExecutorMap$2.run(ThreadExecutorMap.java:74)
	at io.netty.util.concurrent.FastThreadLocalRunnable.run(FastThreadLocalRunnable.java:30)
	at java.base/java.lang.Thread.run(Thread.java:840)
]]></system-out>
    <system-err><![CDATA[log4j:ERROR Could not read configuration file [log4j.properties].
java.io.FileNotFoundException: log4j.properties (No such file or directory)
	at java.base/java.io.FileInputStream.open0(Native Method)
	at java.base/java.io.FileInputStream.open(FileInputStream.java:216)
	at java.base/java.io.FileInputStream.<init>(FileInputStream.java:157)
	at java.base/java.io.FileInputStream.<init>(FileInputStream.java:111)
	at org.apache.log4j.PropertyConfigurator.doConfigure(PropertyConfigurator.java:372)
	at org.apache.log4j.PropertyConfigurator.configure(PropertyConfigurator.java:403)
	at com.qaweapon.coreclasses.BaseTest.beforeSuite(BaseTest.java:41)
	at java.base/jdk.internal.reflect.NativeMethodAccessorImpl.invoke0(Native Method)
	at java.base/jdk.internal.reflect.NativeMethodAccessorImpl.invoke(NativeMethodAccessorImpl.java:77)
	at java.base/jdk.internal.reflect.DelegatingMethodAccessorImpl.invoke(DelegatingMethodAccessorImpl.java:43)
	at java.base/java.lang.reflect.Method.invoke(Method.java:568)
	at org.testng.internal.MethodInvocationHelper.invokeMethod(MethodInvocationHelper.java:124)
	at org.testng.internal.MethodInvocationHelper.invokeMethodConsideringTimeout(MethodInvocationHelper.java:59)
	at org.testng.internal.Invoker.invokeConfigurationMethod(Invoker.java:455)
	at org.testng.internal.Invoker.invokeConfigurations(Invoker.java:222)
	at org.testng.internal.Invoker.invokeConfigurations(Invoker.java:142)
	at org.testng.SuiteRunner.privateRun(SuiteRunner.java:401)
	at org.testng.SuiteRunner.run(SuiteRunner.java:364)
	at org.testng.SuiteRunnerWorker.runSuite(SuiteRunnerWorker.java:52)
	at org.testng.SuiteRunnerWorker.run(SuiteRunnerWorker.java:84)
	at org.testng.TestNG.runSuitesSequentially(TestNG.java:1208)
	at org.testng.TestNG.runSuitesLocally(TestNG.java:1137)
	at org.testng.TestNG.runSuites(TestNG.java:1049)
	at org.testng.TestNG.run(TestNG.java:1017)
	at org.apache.maven.surefire.testng.TestNGExecutor.run(TestNGExecutor.java:283)
	at org.apache.maven.surefire.testng.TestNGXmlTestSuite.execute(TestNGXmlTestSuite.java:75)
	at org.apache.maven.surefire.testng.TestNGProvider.invoke(TestNGProvider.java:120)
	at org.apache.maven.surefire.booter.ForkedBooter.invokeProviderInSameClassLoader(ForkedBooter.java:384)
	at org.apache.maven.surefire.booter.ForkedBooter.runSuitesInProcess(ForkedBooter.java:345)
	at org.apache.maven.surefire.booter.ForkedBooter.execute(ForkedBooter.java:126)
	at org.apache.maven.surefire.booter.ForkedBooter.main(ForkedBooter.java:418)
log4j:ERROR Ignoring configuration file [log4j.properties].
Dec 20, 2023 7:47:36 PM org.openqa.selenium.remote.tracing.opentelemetry.OpenTelemetryTracer createTracer
INFO: Using OpenTelemetry for tracing
]]></system-err>
  </testcase>
  <testcase name="beforeMethod" classname="com.qaweapon.Test.GoogleSearchTest" time="0">
    <skipped/>
  </testcase>
  <testcase name="googleSearchTest" classname="com.qaweapon.Test.GoogleSearchTest" time="0">
    <skipped message="Could not start a new session. Possible causes are invalid address of the remote server or browser start-up failure.&#10;Build info: version: &apos;4.0.0&apos;, revision: &apos;3a21814679&apos;&#10;System info: host: &apos;Viveks-MacBook-Air.local&apos;, ip: &apos;2604:3d09:2580:4b00:84d6:6612:b828:8906%en0&apos;, os.name: &apos;Mac OS X&apos;, os.arch: &apos;x86_64&apos;, os.version: &apos;14.0&apos;, java.version: &apos;17.0.9&apos;&#10;Driver info: org.openqa.selenium.remote.RemoteWebDriver&#10;Command: [null, newSession {capabilities=[Capabilities {browserName: chrome, goog:chromeOptions: {args: [disable-infobars, --disable-extensions, --disable-popup-blocking, --disable-notifications, enable-automation, --no-sandbox, --start-maximized], extensions: [], prefs: {download.default_directory: /home/seluser/Downloads, download.directory_upgrade: true, download.extensions_to_open: applications/pdf, download.prompt_for_download: false, download_restrictions: 0, open_pdf_in_system_reader: false, plugins.always_open_pdf_externally: true, plugins.plugins_list: [Chrome PDF Viewer], profile.default_content_settings.popups: 0}}}], desiredCapabilities=Capabilities {browserName: chrome, goog:chromeOptions: {args: [disable-infobars, --disable-extensions, --disable-popup-blocking, --disable-notifications, enable-automation, --no-sandbox, --start-maximized], extensions: [], prefs: {download.default_directory: /home/seluser/Downloads, download.directory_upgrade: true, download.extensions_to_open: applications/pdf, download.prompt_for_download: false, download_restrictions: 0, open_pdf_in_system_reader: false, plugins.always_open_pdf_externally: true, plugins.plugins_list: [Chrome PDF Viewer], profile.default_content_settings.popups: 0}}}}]&#10;Capabilities {}"/>
  </testcase>
  <testcase name="afterMethod" classname="com.qaweapon.Test.GoogleSearchTest" time="0">
    <skipped/>
  </testcase>
  <testcase name="afterTest" classname="com.qaweapon.Test.GoogleSearchTest" time="0">
    <skipped/>
  </testcase>
  <testcase name="afterSuite" classname="com.qaweapon.Test.GoogleSearchTest" time="0">
    <skipped/>
  </testcase>
</testsuite>